<?xml version="1.0" encoding="UTF-8"?>
<!-- Generated by org.testng.reporters.JUnitReportReporter -->
<testsuite hostname="SANDHU" failures="0" tests="5" name="selenium.Testing1" time="0.033" errors="0" timestamp="2023-12-30T12:54:11 CST" skipped="0">
  <testcase classname="selenium.Testing1" name="xyz" time="0.004"/>
  <system-out/>
  <testcase classname="selenium.Testing1" name="xyz" time="0.004"/>
  <system-out/>
  <testcase classname="selenium.Testing1" name="test2" time="0.005"/>
  <system-out/>
  <testcase classname="selenium.Testing1" name="xyz" time="0.006"/>
  <system-out/>
  <testcase classname="selenium.Testing1" name="test1" time="0.014"/>
  <system-out/>
</testsuite> <!-- selenium.Testing1 -->
