<?xml version="1.0" encoding="UTF-8"?>
<!-- Generated by org.testng.reporters.JUnitReportReporter -->
<testsuite hostname="SANDHU" failures="0" tests="2" name="selenium.Testing2" time="0.001" errors="0" timestamp="2023-12-30T13:02:09 CST" skipped="0">
  <testcase classname="selenium.Testing2" name="test3" time="0.000"/>
  <system-out/>
  <testcase classname="selenium.Testing2" name="test4" time="0.001"/>
  <system-out/>
</testsuite> <!-- selenium.Testing2 -->
