<?xml version="1.0" encoding="UTF-8"?>
<!-- Generated by org.testng.reporters.JUnitReportReporter -->
<testsuite hostname="SANDHU" failures="0" tests="5" name="selenium.Testing1" time="0.005" errors="0" timestamp="2023-12-30T13:02:09 CST" skipped="0">
  <testcase classname="selenium.Testing1" name="xyz" time="0.001"/>
  <system-out/>
  <testcase classname="selenium.Testing1" name="test1" time="0.003"/>
  <system-out/>
  <testcase classname="selenium.Testing1" name="xyz" time="0.000"/>
  <system-out/>
  <testcase classname="selenium.Testing1" name="xyz" time="0.001"/>
  <system-out/>
  <testcase classname="selenium.Testing1" name="test2" time="0.000"/>
  <system-out/>
</testsuite> <!-- selenium.Testing1 -->
